11/3/13 7:47:56 PM - 1: org.apache.uima.adapter.jms.service.UIMA_Service.initialize(68): INFO: UIMA-AS version 2.4.0
11/3/13 7:47:58 PM - 1: org.apache.uima.aae.controller.BaseAnalysisEngineController.logPlatformInfo: INFO: 
+------------------------------------------------------------------
                   Starting UIMA AS Service - PID: 4098
+------------------------------------------------------------------
+ Service Name:hw2-abhimank-aae
+ Service Queue Name:hw3QA
+ Service Start Time:03 Nov 2013 19:47:56 
+ UIMA AS Version:2.4.0
+ UIMA Core Version:2.4.0
+ OS Name:Linux
+ OS Version:2.6.32-358.el6.x86_64
+ OS Architecture:amd64
+ OS CPU Count:12
+ JVM Vendor:Oracle Corporation
+ JVM Name:Java HotSpot(TM) 64-Bit Server VM
+ JVM Version:23.25-b01
+ JVM Input Args:[-DVNS_HOST=localhost, -DVNS_PORT=9000, -Duima.home=/home/abhimank/softwares/apache-uima-as-2.4.0, -Duima.datapath=, -Djava.util.logging.config.file=/home/abhimank/softwares/apache-uima-as-2.4.0/config/Logger.properties, -Duima.tools.cvd.manpath.notset, -Xms128M, -Xmx800M, -Dlog4j.configuration=file:/home/abhimank/softwares/apache-uima-as-2.4.0/as_config/uimaAsLog4j.properties, -DUimaBootstrapSuppressClassPathDisplay, -Dorg.apache.uima.jarpath=:/home/abhimank/softwares/apache-uima-as-2.4.0/examples/resources:/home/abhimank/softwares/apache-uima-as-2.4.0/lib::/home/abhimank/softwares/apache-uima-as-2.4.0/lib/xmlbeans:/home/abhimank/softwares/apache-uima-as-2.4.0/apache-activemq-5.4.1:/home/abhimank/softwares/apache-uima-as-2.4.0/apache-activemq-5.4.1/lib:/home/abhimank/softwares/apache-uima-as-2.4.0/apache-activemq-5.4.1/lib/optional:]
+ JVM Classpath:/home/abhimank/softwares/apache-uima-as-2.4.0/lib/uimaj-bootstrap.jar
+ JVM Loaded Jars:/home/abhimank/softwares/apache-uima-as-2.4.0/lib/uimaj-bootstrap.jar:/home/abhimank/softwares/apache-uima-as-2.4.0/examples/resources/:/home/abhimank/softwares/apache-uima-as-2.4.0/lib/jVinci.jar:/home/abhimank/softwares/apache-uima-as-2.4.0/lib/uima-adapter-soap.jar:/home/abhimank/softwares/apache-uima-as-2.4.0/lib/uima-adapter-vinci.jar:/home/abhimank/softwares/apache-uima-as-2.4.0/lib/uima-core.jar:/home/abhimank/softwares/apache-uima-as-2.4.0/lib/uima-cpe.jar:/home/abhimank/softwares/apache-uima-as-2.4.0/lib/uima-document-annotation.jar:/home/abhimank/softwares/apache-uima-as-2.4.0/lib/uima-examples.jar:/home/abhimank/softwares/apache-uima-as-2.4.0/lib/uima-tools.jar:/home/abhimank/softwares/apache-uima-as-2.4.0/lib/uimaj-as-core.jar:/home/abhimank/softwares/apache-uima-as-2.4.0/lib/xmlbeans.jar:/home/abhimank/softwares/apache-uima-as-2.4.0/lib/uimaj-as-activemq.jar:/home/abhimank/softwares/apache-uima-as-2.4.0/lib/uimaj-as-jms.jar:/home/abhimank/softwares/apache-uima-as-2.4.0/lib/uimaj-as-camel.jar:/home/abhimank/softwares/apache-uima-as-2.4.0/lib/hw3-abhimank-0.0.5-SNAPSHOT-jar-with-dependencies.jar:/home/abhimank/softwares/apache-uima-as-2.4.0/apache-activemq-5.4.1/activemq-all-5.4.1.jar:/home/abhimank/softwares/apache-uima-as-2.4.0/apache-activemq-5.4.1/lib/spring-core-3.0.3.RELEASE.jar:/home/abhimank/softwares/apache-uima-as-2.4.0/apache-activemq-5.4.1/lib/spring-asm-3.0.3.RELEASE.jar:/home/abhimank/softwares/apache-uima-as-2.4.0/apache-activemq-5.4.1/lib/commons-logging-1.1.1.jar:/home/abhimank/softwares/apache-uima-as-2.4.0/apache-activemq-5.4.1/lib/spring-beans-3.0.3.RELEASE.jar:/home/abhimank/softwares/apache-uima-as-2.4.0/apache-activemq-5.4.1/lib/spring-context-3.0.3.RELEASE.jar:/home/abhimank/softwares/apache-uima-as-2.4.0/apache-activemq-5.4.1/lib/spring-aop-3.0.3.RELEASE.jar:/home/abhimank/softwares/apache-uima-as-2.4.0/apache-activemq-5.4.1/lib/spring-expression-3.0.3.RELEASE.jar:/home/abhimank/softwares/apache-uima-as-2.4.0/apache-activemq-5.4.1/lib/activemq-core-5.4.1.jar:/home/abhimank/softwares/apache-uima-as-2.4.0/apache-activemq-5.4.1/lib/geronimo-jms_1.1_spec-1.1.jar:/home/abhimank/softwares/apache-uima-as-2.4.0/apache-activemq-5.4.1/lib/geronimo-j2ee-management_1.1_spec-1.0.1.jar:/home/abhimank/softwares/apache-uima-as-2.4.0/apache-activemq-5.4.1/lib/kahadb-5.4.1.jar:/home/abhimank/softwares/apache-uima-as-2.4.0/apache-activemq-5.4.1/lib/activemq-camel-5.4.1.jar:/home/abhimank/softwares/apache-uima-as-2.4.0/apache-activemq-5.4.1/lib/spring-tx-3.0.3.RELEASE.jar:/home/abhimank/softwares/apache-uima-as-2.4.0/apache-activemq-5.4.1/lib/spring-jms-3.0.3.RELEASE.jar:/home/abhimank/softwares/apache-uima-as-2.4.0/apache-activemq-5.4.1/lib/xbean-spring-3.7.jar:/home/abhimank/softwares/apache-uima-as-2.4.0/apache-activemq-5.4.1/lib/activemq-spring-5.4.1.jar:/home/abhimank/softwares/apache-uima-as-2.4.0/apache-activemq-5.4.1/lib/activemq-optional-5.4.1.jar:/home/abhimank/softwares/apache-uima-as-2.4.0/apache-activemq-5.4.1/lib/activemq-console-5.4.1.jar:/home/abhimank/softwares/apache-uima-as-2.4.0/apache-activemq-5.4.1/lib/optional/xstream-1.3.1.jar:/home/abhimank/softwares/apache-uima-as-2.4.0/apache-activemq-5.4.1/lib/optional/log4j-1.2.14.jar:/home/abhimank/softwares/apache-uima-as-2.4.0/apache-activemq-5.4.1/lib/optional/commons-codec-1.2.jar:/home/abhimank/softwares/apache-uima-as-2.4.0/apache-activemq-5.4.1/lib/optional/xmlpull-1.1.3.4d_b4_min.jar:/home/abhimank/softwares/apache-uima-as-2.4.0/apache-activemq-5.4.1/lib/optional/jetty-all-server-7.0.1.v20091125.jar:/home/abhimank/softwares/apache-uima-as-2.4.0/apache-activemq-5.4.1/lib/optional/commons-httpclient-3.1.jar:/home/abhimank/softwares/apache-uima-as-2.4.0/apache-activemq-5.4.1/lib/optional/geronimo-servlet_2.5_spec-1.2.jar:
+ JVM LIB_PATH:/home/abhimank/softwares/apache-uima-as-2.4.0/uimacpp/lib:/home/abhimank/softwares/apache-uima-as-2.4.0/uimacpp/examples/tutorial/src:/home/abhimank/bin/lib:/opt/openmpi/lib:/usr/java/packages/lib/amd64:/usr/lib64:/lib64:/lib:/usr/lib
+------------------------------------------------------------------ 
11/3/13 7:47:58 PM - 1: org.apache.uima.adapter.jms.activemq.JmsInputChannel.setEndpointName: INFO: top_level_input_queue_service_1 Service Starting - Listening for Messages 
11/3/13 7:47:58 PM - 1: org.apache.uima.adapter.jms.activemq.SpringContainerDeployer.waitForServiceNotification: INFO: Uima EE Client Blocking - Awaiting Top Level Controller Initialization Notification
11/3/13 7:47:58 PM - 11: org.apache.uima.aae.UimaAsThreadFactory$1.UimaAsThreadFactory.run(): INFO: Controller: hw2-abhimank-aae Initializing AE instance on Thread Id: 11
11/3/13 7:47:58 PM - 11: org.apache.uima.adapter.jms.client.BaseUIMAAsynchronousEngine_impl.<init>(128): INFO: UIMA Version 2.4.0 UIMA-AS Version 2.4.0
11/3/13 7:47:58 PM - 11: org.apache.uima.adapter.jms.client.BaseUIMAAsynchronousEngine_impl.setupConnection: INFO: UIMA AS Client Created Shared Connection To Broker: tcp://mu.lti.cs.cmu.edu:61616
11/3/13 7:47:58 PM - 11: org.apache.uima.adapter.jms.client.BaseUIMAAsynchronousEngine_impl.initializeProducer: INFO: Initializing JMS Message Producer. Broker: tcp://mu.lti.cs.cmu.edu:61616 Queue Name: ScnlpQueue
11/3/13 7:47:58 PM - 11: org.apache.uima.adapter.jms.client.BaseUIMAAsynchronousEngine_impl.initializeConsumer: INFO: Initializing JMS Message Consumer. Broker: tcp://mu.lti.cs.cmu.edu:61616 Queue Name: ID:cogito.ml.cmu.edu-47455-1383526078610-0:0:1
11/3/13 7:47:59 PM - 11: org.apache.uima.adapter.jms.client.BaseUIMAAsynchronousEngine_impl.initialize: INFO: Asynchronous Client Has Been Initialized. Serialization Strategy: [xmi] Ready To Process.
11/3/13 7:47:59 PM - 11: org.apache.uima.aae.controller.PrimitiveAnalysisEngineController_impl.postInitialize: INFO: ********* Initialized the Controller. hw2-abhimank-aae Ready To Process. ********
11/3/13 7:47:59 PM - 1: org.apache.uima.adapter.jms.activemq.SpringContainerDeployer.doStartListeners: INFO: Controller: hw2-abhimank-aae Starting Listener on Endpoint: queue://hw3QA Selector: Command=2000 OR Command=2002 Broker: tcp://cogito.ml.cmu.edu:61616
11/3/13 7:47:59 PM - 1: org.apache.uima.adapter.jms.activemq.SpringContainerDeployer.doStartListeners: INFO: Controller: hw2-abhimank-aae Starting Listener on Endpoint: queue://hw3QA Selector: Command=2001 Broker: tcp://cogito.ml.cmu.edu:61616
11/3/13 8:19:17 PM - 38: org.apache.uima.adapter.jms.activemq.JmsOutputChannel$ConnectionTimer.startTimer: INFO: Inactivity Timer Expired. Thread: Controller:hw2-abhimank-aae:Reply TimerThread-:ID:cogito.ml.cmu.edu-58762-1383526155476-0:0:1:6255059253282612 Controller: hw2-abhimank-aae Timeout Value: 1,800,000 Endpoint Name: ID:cogito.ml.cmu.edu-58762-1383526155476-0:0:1
11/4/13 7:28:54 PM - 11: org.apache.uima.adapter.jms.activemq.UimaDefaultMessageListenerContainer.onException: WARNING: Service: hw2-abhimank-aae Runtime Exception  
11/4/13 7:28:54 PM - 25: org.apache.uima.adapter.jms.activemq.UimaDefaultMessageListenerContainer.onException: WARNING: Service: hw2-abhimank-aae Runtime Exception  
11/4/13 7:28:54 PM - 11: org.apache.uima.adapter.jms.activemq.UimaDefaultMessageListenerContainer.onException: WARNING: Jms Listener Failed. Endpoint: hw3QA Managed By: tcp://cogito.ml.cmu.edu:61616 Reason: javax.jms.JMSException: java.io.EOFException
11/4/13 7:28:54 PM - 25: org.apache.uima.adapter.jms.activemq.UimaDefaultMessageListenerContainer.onException: WARNING: Jms Listener Failed. Endpoint: hw3QA Managed By: tcp://cogito.ml.cmu.edu:61616 Reason: javax.jms.JMSException: java.io.EOFException
11/4/13 7:28:54 PM - 11: org.apache.uima.adapter.jms.activemq.UimaDefaultMessageListenerContainer.handleListenerSetupFailure: WARNING: Uima AS Service:hw2-abhimank-aae Listener Unable To Connect To Broker: tcp://cogito.ml.cmu.edu:61616 Retrying ...  
11/4/13 7:28:54 PM - 25: org.apache.uima.adapter.jms.activemq.UimaDefaultMessageListenerContainer.handleListenerSetupFailure: WARNING: Uima AS Service:hw2-abhimank-aae Listener Unable To Connect To Broker: tcp://cogito.ml.cmu.edu:61616 Retrying ...  
11/4/13 7:28:54 PM - 12: org.apache.uima.adapter.jms.client.BaseUIMAAsynchronousEngineCommon_impl.stop: INFO: Stopping Asynchronous Client.
